Base path: 'C:/Program Files/Unity/Hub/Editor/2019.3.7f1/Editor/Data', plugins path 'C:/Program Files/Unity/Hub/Editor/2019.3.7f1/Editor/Data/PlaybackEngines'
Cmd: initializeCompiler
Cmd: compileSnippet
  api=4 type=1 insize=1602 outsize=7190 kw=UNITY_PASS_FORWARDBASE DIRECTIONAL SHADOWS_SCREEN LIGHTPROBE_SH pd=UNITY_ENABLE_REFLECTION_BUFFERS UNITY_USE_DITHER_MASK_FOR_ALPHABLENDED_SHADOWS UNITY_PBS_USE_BRDF1 UNITY_SPECCUBE_BOX_PROJECTION UNITY_SPECCUBE_BLENDING UNITY_ENABLE_DETAIL_NORMALMAP SHADER_API_DESKTOP UNITY_COLORSPACE_GAMMA UNITY_LIGHT_PROBE_PROXY_VOLUME UNITY_LIGHTMAP_FULL_HDR ok=1
Cmd: initializeCompiler
Cmd: compileComputeKernel
  api=4 insize=12081 outsize=1046 ok=1
Cmd: compileComputeKernel
  api=4 insize=12081 outsize=1863 ok=1
Cmd: compileComputeKernel
  api=4 insize=12081 outsize=2218 ok=1
Cmd: compileComputeKernel
  api=4 insize=12124 outsize=1819 ok=1
Cmd: compileComputeKernel
  api=4 insize=12124 outsize=1974 ok=1
Cmd: compileComputeKernel
  api=4 insize=12124 outsize=1851 ok=1
Cmd: compileComputeKernel
  api=4 insize=12124 outsize=1849 ok=1
Cmd: compileComputeKernel
  api=4 insize=19771 outsize=3171 ok=1
Cmd: compileComputeKernel
  api=4 insize=19771 outsize=5525 ok=1
Cmd: compileComputeKernel
  api=4 insize=59196 outsize=2640 ok=1
Cmd: compileComputeKernel
  api=4 insize=59196 outsize=1579 ok=1
Cmd: compileComputeKernel
  api=4 insize=59196 outsize=1689 ok=1
Cmd: compileComputeKernel
  api=4 insize=59196 outsize=2029 ok=1
Cmd: compileComputeKernel
  api=4 insize=59196 outsize=1597 ok=1
Cmd: compileComputeKernel
  api=4 insize=59196 outsize=1324 ok=1
Cmd: compileComputeKernel
  api=4 insize=59196 outsize=1310 ok=1
Cmd: compileComputeKernel
  api=4 insize=59196 outsize=1520 ok=1
Cmd: compileComputeKernel
  api=4 insize=59196 outsize=1465 ok=1
Cmd: compileComputeKernel
  api=4 insize=59196 outsize=1311 ok=1
Cmd: compileComputeKernel
  api=4 insize=59196 outsize=1364 ok=1
Cmd: compileComputeKernel
  api=4 insize=59196 outsize=1819 ok=1
Cmd: compileComputeKernel
  api=4 insize=59196 outsize=1974 ok=1
Cmd: compileComputeKernel
  api=4 insize=59196 outsize=1853 ok=1
Cmd: compileComputeKernel
  api=4 insize=59196 outsize=1998 ok=1
Cmd: compileComputeKernel
  api=4 insize=59196 outsize=1341 ok=1
Cmd: compileComputeKernel
  api=4 insize=59196 outsize=3004 ok=1
Cmd: compileComputeKernel
  api=4 insize=59196 outsize=1680 ok=1
Cmd: compileComputeKernel
  api=4 insize=73605 outsize=2761 ok=1
Cmd: compileComputeKernel
  api=4 insize=73605 outsize=5746 ok=1
Cmd: compileComputeKernel
  api=4 insize=33531 outsize=638 ok=1
Cmd: compileComputeKernel
  api=4 insize=33531 outsize=970 ok=1
Cmd: compileComputeKernel
  api=4 insize=33531 outsize=759 ok=1
Cmd: compileComputeKernel
  api=4 insize=33531 outsize=677 ok=1
Cmd: compileComputeKernel
  api=4 insize=33531 outsize=831 ok=1
Cmd: compileComputeKernel
  api=4 insize=33531 outsize=1292 ok=1
Cmd: compileComputeKernel
  api=4 insize=33531 outsize=1072 ok=1
Cmd: compileComputeKernel
  api=4 insize=33531 outsize=1520 ok=1
Cmd: compileComputeKernel
  api=4 insize=33531 outsize=1360 ok=1
Cmd: compileComputeKernel
  api=4 insize=33531 outsize=1359 ok=1
Cmd: compileComputeKernel
  api=4 insize=33531 outsize=1288 ok=1
Cmd: compileComputeKernel
  api=4 insize=33531 outsize=1369 ok=1
Cmd: compileComputeKernel
  api=4 insize=33531 outsize=1364 ok=1
Cmd: compileComputeKernel
  api=4 insize=75191 outsize=2787 ok=1
Cmd: compileComputeKernel
  api=4 insize=75191 outsize=26462 ok=1
Cmd: compileComputeKernel
  api=4 insize=4434 outsize=1449 ok=1
Cmd: compileComputeKernel
  api=4 insize=1898 outsize=3122 ok=1
Cmd: initializeCompiler
